<?xml version="1.0" encoding="UTF-8"?>
<!-- Generated by org.testng.reporters.JUnitReportReporter -->
<testsuite hostname="VinayPC" failures="0" tests="1" name="testCase.login" time="4.740" errors="0" timestamp="2022-10-13T07:08:45 IST" skipped="0">
  <testcase classname="testCase.login" name="loginAmazon" time="4.740"/>
  <system-out/>
</testsuite> <!-- testCase.login -->
