<?xml version="1.0" encoding="UTF-8"?>
<!-- Generated by org.testng.reporters.JUnitReportReporter -->
<testsuite hostname="VinayPC" failures="0" tests="1" name="testCase.scrapeInfo" time="27.119" errors="0" timestamp="2022-10-15T07:21:17 IST" skipped="0">
  <testcase classname="testCase.scrapeInfo" name="phonesInfo" time="27.119"/>
  <system-out/>
</testsuite> <!-- testCase.scrapeInfo -->
